<?xml version="1.0" encoding="UTF-8" ?>
<testsuite errors="1" failures="0" hostname="raspberrypi" name="HelloWorldTest" skipped="0" tests="1" time="0.0" timestamp="2017-03-12T11:35:54">
  <properties>
    <property name="java.vendor" value="Oracle Corporation" />
    <property name="lib.dir" value="lib" />
    <property name="sun.java.launcher" value="SUN_STANDARD" />
    <property name="sun.management.compiler" value="HotSpot Client Compiler" />
    <property name="os.name" value="Linux" />
    <property name="sun.boot.class.path" value="/usr/lib/jvm/jdk-8-oracle-arm32-vfp-hflt/jre/lib/resources.jar:/usr/lib/jvm/jdk-8-oracle-arm32-vfp-hflt/jre/lib/rt.jar:/usr/lib/jvm/jdk-8-oracle-arm32-vfp-hflt/jre/lib/sunrsasign.jar:/usr/lib/jvm/jdk-8-oracle-arm32-vfp-hflt/jre/lib/jsse.jar:/usr/lib/jvm/jdk-8-oracle-arm32-vfp-hflt/jre/lib/jce.jar:/usr/lib/jvm/jdk-8-oracle-arm32-vfp-hflt/jre/lib/charsets.jar:/usr/lib/jvm/jdk-8-oracle-arm32-vfp-hflt/jre/lib/jfr.jar:/usr/lib/jvm/jdk-8-oracle-arm32-vfp-hflt/jre/classes" />
    <property name="java.vm.specification.vendor" value="Oracle Corporation" />
    <property name="ant.home" value="/usr/local/ant" />
    <property name="jar.dir" value="build/jar/" />
    <property name="java.runtime.version" value="1.8.0_65-b17" />
    <property name="user.name" value="pi" />
    <property name="ant.file.type.HelloWorld" value="file" />
    <property name="build.dir" value="build" />
    <property name="user.language" value="en" />
    <property name="ant.file.HelloWorld" value="/home/pi/Projects/ant/hello/build.xml" />
    <property name="sun.boot.library.path" value="/usr/lib/jvm/jdk-8-oracle-arm32-vfp-hflt/jre/lib/arm" />
    <property name="ant.project.default-target" value="main" />
    <property name="ant.project.name" value="HelloWorld" />
    <property name="java.version" value="1.8.0_65" />
    <property name="user.timezone" value="" />
    <property name="sun.arch.data.model" value="32" />
    <property name="java.endorsed.dirs" value="/usr/lib/jvm/jdk-8-oracle-arm32-vfp-hflt/jre/lib/endorsed" />
    <property name="sun.cpu.isalist" value="" />
    <property name="sun.jnu.encoding" value="UTF-8" />
    <property name="file.encoding.pkg" value="sun.io" />
    <property name="file.separator" value="/" />
    <property name="java.specification.name" value="Java Platform API Specification" />
    <property name="classes.dir" value="build/classes/" />
    <property name="java.class.version" value="52.0" />
    <property name="user.country" value="US" />
    <property name="java.home" value="/usr/lib/jvm/jdk-8-oracle-arm32-vfp-hflt/jre" />
    <property name="java.vm.info" value="mixed mode" />
    <property name="main-class" value="example.HelloWorld" />
    <property name="ant.file" value="/home/pi/Projects/ant/hello/build.xml" />
    <property name="os.version" value="4.4.38-v7+" />
    <property name="path.separator" value=":" />
    <property name="java.vm.version" value="25.65-b01" />
    <property name="report.dir" value="build/junitreport" />
    <property name="ant.library.dir" value="/usr/local/ant/lib" />
    <property name="java.awt.printerjob" value="sun.print.PSPrinterJob" />
    <property name="sun.io.unicode.encoding" value="UnicodeLittle" />
    <property name="awt.toolkit" value="sun.awt.X11.XToolkit" />
    <property name="user.home" value="/home/pi" />
    <property name="java.specification.vendor" value="Oracle Corporation" />
    <property name="java.library.path" value="/usr/java/packages/lib/arm:/lib:/usr/lib" />
    <property name="java.vendor.url" value="http://java.oracle.com/" />
    <property name="java.vm.vendor" value="Oracle Corporation" />
    <property name="java.runtime.name" value="Java(TM) SE Runtime Environment" />
    <property name="sun.java.command" value="org.apache.tools.ant.taskdefs.optional.junit.JUnitTestRunner HelloWorldTest skipNonTests=false filtertrace=true haltOnError=false haltOnFailure=false formatter=org.apache.tools.ant.taskdefs.optional.junit.SummaryJUnitResultFormatter showoutput=false outputtoformatters=true logfailedtests=true threadid=0 logtestlistenerevents=false formatter=org.apache.tools.ant.taskdefs.optional.junit.XMLJUnitResultFormatter,/home/pi/Projects/ant/hello/build/junitreport/TEST-HelloWorldTest.xml crashfile=/home/pi/Projects/ant/hello/junitvmwatcher6231061682522519862.properties propsfile=/home/pi/Projects/ant/hello/junit7402772818091444537.properties" />
    <property name="java.class.path" value="/home/pi/Projects/ant/hello/lib/hamcrest-core-1.3.jar:/home/pi/Projects/ant/hello/lib/junit-4.12.jar:/home/pi/Projects/ant/hello/lib/log4j-1.2.17.jar:/home/pi/Projects/ant/hello/build/jar/HelloWorld.jar:/usr/local/apache-ant-1.10.1/lib/ant-launcher.jar:/usr/local/ant/lib/ant.jar:/usr/local/ant/lib/ant-junit.jar:/usr/local/ant/lib/ant-junit4.jar" />
    <property name="ant.version" value="Apache Ant(TM) version 1.10.1 compiled on February 2 2017" />
    <property name="java.vm.specification.name" value="Java Virtual Machine Specification" />
    <property name="ant.file.type" value="file" />
    <property name="java.vm.specification.version" value="1.8" />
    <property name="sun.cpu.endian" value="little" />
    <property name="sun.os.patch.level" value="unknown" />
    <property name="java.io.tmpdir" value="/tmp" />
    <property name="java.vendor.url.bug" value="http://bugreport.sun.com/bugreport/" />
    <property name="os.arch" value="arm" />
    <property name="java.awt.graphicsenv" value="sun.awt.X11GraphicsEnvironment" />
    <property name="java.ext.dirs" value="/usr/lib/jvm/jdk-8-oracle-arm32-vfp-hflt/jre/lib/ext:/usr/java/packages/lib/ext" />
    <property name="user.dir" value="/home/pi/Projects/ant/hello" />
    <property name="line.separator" value="&#xa;" />
    <property name="java.vm.name" value="Java HotSpot(TM) Client VM" />
    <property name="basedir" value="/home/pi/Projects/ant/hello" />
    <property name="ant.java.version" value="1.8" />
    <property name="sun.arch.abi" value="gnueabihf" />
    <property name="ant.core.lib" value="/usr/local/ant/lib/ant.jar" />
    <property name="file.encoding" value="UTF-8" />
    <property name="java.specification.version" value="1.8" />
    <property name="src.dir" value="src" />
    <property name="ant.project.invoked-targets" value="junit" />
  </properties>
  <error message="HelloWorldTest" type="java.lang.ClassNotFoundException">java.lang.ClassNotFoundException: HelloWorldTest
	at java.net.URLClassLoader.findClass(URLClassLoader.java:381)
	at java.lang.ClassLoader.loadClass(ClassLoader.java:424)
	at sun.misc.Launcher$AppClassLoader.loadClass(Launcher.java:331)
	at java.lang.ClassLoader.loadClass(ClassLoader.java:357)
	at java.lang.Class.forName0(Native Method)
	at java.lang.Class.forName(Class.java:264)
</error>
  <system-out><![CDATA[]]></system-out>
  <system-err><![CDATA[]]></system-err>
</testsuite>
